# JRE version: OpenJDK Runtime Environment (8.0_121-b13) (build 1.8.0_121-8u121-b13-0ubuntu1.16.10.2-b13)
# Java VM: OpenJDK 64-Bit Server VM (25.121-b13 mixed mode linux-amd64 compressed oops)
Heap:
 PSYoungGen      total 278528K, used 0K [0x00000000eb700000, 0x0000000100000000, 0x0000000100000000)
  eden space 262656K, 0% used [0x00000000eb700000,0x00000000eb700000,0x00000000fb780000)
  from space 15872K, 0% used [0x00000000fb780000,0x00000000fb780000,0x00000000fc700000)
  to   space 18432K, 0% used [0x00000000fee00000,0x00000000fee00000,0x0000000100000000)
 ParOldGen       total 61952K, used 38589K [0x00000000c2400000, 0x00000000c6080000, 0x00000000eb700000)
  object space 61952K, 62% used [0x00000000c2400000,0x00000000c49af638,0x00000000c6080000)
 Metaspace       used 49007K, capacity 49704K, committed 50300K, reserved 1093632K
  class space    used 5901K, capacity 6154K, committed 6268K, reserved 1048576K
GC Heap History (10 events):
Event: 8.382 GC heap after
Heap after GC invocations=11 (full 1):
 PSYoungGen      total 192512K, used 12269K [0x00000000eb700000, 0x00000000f8d00000, 0x0000000100000000)
  eden space 180224K, 0% used [0x00000000eb700000,0x00000000eb700000,0x00000000f6700000)
  from space 12288K, 99% used [0x00000000f8100000,0x00000000f8cfb678,0x00000000f8d00000)
  to   space 14848K, 0% used [0x00000000f7000000,0x00000000f7000000,0x00000000f7e80000)
 ParOldGen       total 39936K, used 19599K [0x00000000c2400000, 0x00000000c4b00000, 0x00000000eb700000)
  object space 39936K, 49% used [0x00000000c2400000,0x00000000c3723c18,0x00000000c4b00000)
 Metaspace       used 27657K, capacity 28294K, committed 28720K, reserved 1075200K
  class space    used 3322K, capacity 3516K, committed 3632K, reserved 1048576K
}
Event: 9.310 GC heap before
{Heap before GC invocations=12 (full 1):
 PSYoungGen      total 192512K, used 68465K [0x00000000eb700000, 0x00000000f8d00000, 0x0000000100000000)
  eden space 180224K, 31% used [0x00000000eb700000,0x00000000eede0db0,0x00000000f6700000)
  from space 12288K, 99% used [0x00000000f8100000,0x00000000f8cfb678,0x00000000f8d00000)
  to   space 14848K, 0% used [0x00000000f7000000,0x00000000f7000000,0x00000000f7e80000)
 ParOldGen       total 39936K, used 19599K [0x00000000c2400000, 0x00000000c4b00000, 0x00000000eb700000)
  object space 39936K, 49% used [0x00000000c2400000,0x00000000c3723c18,0x00000000c4b00000)
 Metaspace       used 34764K, capacity 35346K, committed 35752K, reserved 1081344K
  class space    used 4190K, capacity 4350K, committed 4400K, reserved 1048576K
Event: 9.344 GC heap after
Heap after GC invocations=12 (full 1):
 PSYoungGen      total 204288K, used 10274K [0x00000000eb700000, 0x00000000fd600000, 0x0000000100000000)
  eden space 189440K, 0% used [0x00000000eb700000,0x00000000eb700000,0x00000000f7000000)
  from space 14848K, 69% used [0x00000000f7000000,0x00000000f7a08a78,0x00000000f7e80000)
  to   space 15360K, 0% used [0x00000000fc700000,0x00000000fc700000,0x00000000fd600000)
 ParOldGen       total 39936K, used 30131K [0x00000000c2400000, 0x00000000c4b00000, 0x00000000eb700000)
  object space 39936K, 75% used [0x00000000c2400000,0x00000000c416ce90,0x00000000c4b00000)
 Metaspace       used 34764K, capacity 35346K, committed 35752K, reserved 1081344K
  class space    used 4190K, capacity 4350K, committed 4400K, reserved 1048576K
}
Event: 9.499 GC heap before
{Heap before GC invocations=13 (full 1):
 PSYoungGen      total 204288K, used 16321K [0x00000000eb700000, 0x00000000fd600000, 0x0000000100000000)
  eden space 189440K, 3% used [0x00000000eb700000,0x00000000ebce7bc8,0x00000000f7000000)
  from space 14848K, 69% used [0x00000000f7000000,0x00000000f7a08a78,0x00000000f7e80000)
  to   space 15360K, 0% used [0x00000000fc700000,0x00000000fc700000,0x00000000fd600000)
 ParOldGen       total 39936K, used 30131K [0x00000000c2400000, 0x00000000c4b00000, 0x00000000eb700000)
  object space 39936K, 75% used [0x00000000c2400000,0x00000000c416ce90,0x00000000c4b00000)
 Metaspace       used 35104K, capacity 35722K, committed 35828K, reserved 1081344K
  class space    used 4220K, capacity 4434K, committed 4476K, reserved 1048576K
Event: 9.510 GC heap after
Heap after GC invocations=13 (full 1):
 PSYoungGen      total 278016K, used 800K [0x00000000eb700000, 0x00000000fe180000, 0x0000000100000000)
  eden space 262656K, 0% used [0x00000000eb700000,0x00000000eb700000,0x00000000fb780000)
  from space 15360K, 5% used [0x00000000fc700000,0x00000000fc7c8000,0x00000000fd600000)
  to   space 15872K, 0% used [0x00000000fb780000,0x00000000fb780000,0x00000000fc700000)
 ParOldGen       total 39936K, used 35102K [0x00000000c2400000, 0x00000000c4b00000, 0x00000000eb700000)
  object space 39936K, 87% used [0x00000000c2400000,0x00000000c4647a60,0x00000000c4b00000)
 Metaspace       used 35104K, capacity 35722K, committed 35828K, reserved 1081344K
  class space    used 4220K, capacity 4434K, committed 4476K, reserved 1048576K
}
Event: 9.510 GC heap before
{Heap before GC invocations=14 (full 2):
 PSYoungGen      total 278016K, used 800K [0x00000000eb700000, 0x00000000fe180000, 0x0000000100000000)
  eden space 262656K, 0% used [0x00000000eb700000,0x00000000eb700000,0x00000000fb780000)
  from space 15360K, 5% used [0x00000000fc700000,0x00000000fc7c8000,0x00000000fd600000)
  to   space 15872K, 0% used [0x00000000fb780000,0x00000000fb780000,0x00000000fc700000)
 ParOldGen       total 39936K, used 35102K [0x00000000c2400000, 0x00000000c4b00000, 0x00000000eb700000)
  object space 39936K, 87% used [0x00000000c2400000,0x00000000c4647a60,0x00000000c4b00000)
 Metaspace       used 35104K, capacity 35722K, committed 35828K, reserved 1081344K
  class space    used 4220K, capacity 4434K, committed 4476K, reserved 1048576K
Event: 9.746 GC heap after
Heap after GC invocations=14 (full 2):
 PSYoungGen      total 278016K, used 0K [0x00000000eb700000, 0x00000000fe180000, 0x0000000100000000)
  eden space 262656K, 0% used [0x00000000eb700000,0x00000000eb700000,0x00000000fb780000)
  from space 15360K, 0% used [0x00000000fc700000,0x00000000fc700000,0x00000000fd600000)
  to   space 15872K, 0% used [0x00000000fb780000,0x00000000fb780000,0x00000000fc700000)
 ParOldGen       total 61952K, used 28874K [0x00000000c2400000, 0x00000000c6080000, 0x00000000eb700000)
  object space 61952K, 46% used [0x00000000c2400000,0x00000000c4032b90,0x00000000c6080000)
 Metaspace       used 35104K, capacity 35722K, committed 35828K, reserved 1081344K
  class space    used 4220K, capacity 4434K, committed 4476K, reserved 1048576K
}
Event: 39266.182 GC heap before
{Heap before GC invocations=15 (full 2):
 PSYoungGen      total 278016K, used 244687K [0x00000000eb700000, 0x00000000fe180000, 0x0000000100000000)
  eden space 262656K, 93% used [0x00000000eb700000,0x00000000fa5f3f28,0x00000000fb780000)
  from space 15360K, 0% used [0x00000000fc700000,0x00000000fc700000,0x00000000fd600000)
  to   space 15872K, 0% used [0x00000000fb780000,0x00000000fb780000,0x00000000fc700000)
 ParOldGen       total 61952K, used 28874K [0x00000000c2400000, 0x00000000c6080000, 0x00000000eb700000)
  object space 61952K, 46% used [0x00000000c2400000,0x00000000c4032b90,0x00000000c6080000)
 Metaspace       used 49056K, capacity 49818K, committed 50300K, reserved 1093632K
  class space    used 5911K, capacity 6173K, committed 6268K, reserved 1048576K
Event: 39266.254 GC heap after
Heap after GC invocations=15 (full 2):
 PSYoungGen      total 278528K, used 15862K [0x00000000eb700000, 0x0000000100000000, 0x0000000100000000)
  eden space 262656K, 0% used [0x00000000eb700000,0x00000000eb700000,0x00000000fb780000)
  from space 15872K, 99% used [0x00000000fb780000,0x00000000fc6fda00,0x00000000fc700000)
  to   space 18432K, 0% used [0x00000000fee00000,0x00000000fee00000,0x0000000100000000)
 ParOldGen       total 61952K, used 29395K [0x00000000c2400000, 0x00000000c6080000, 0x00000000eb700000)
  object space 61952K, 47% used [0x00000000c2400000,0x00000000c40b4fe8,0x00000000c6080000)
 Metaspace       used 49056K, capacity 49818K, committed 50300K, reserved 1093632K
  class space    used 5911K, capacity 6173K, committed 6268K, reserved 1048576K
}
Event: 39266.254 GC heap before
{Heap before GC invocations=16 (full 3):
 PSYoungGen      total 278528K, used 15862K [0x00000000eb700000, 0x0000000100000000, 0x0000000100000000)
  eden space 262656K, 0% used [0x00000000eb700000,0x00000000eb700000,0x00000000fb780000)
  from space 15872K, 99% used [0x00000000fb780000,0x00000000fc6fda00,0x00000000fc700000)
  to   space 18432K, 0% used [0x00000000fee00000,0x00000000fee00000,0x0000000100000000)
 ParOldGen       total 61952K, used 29395K [0x00000000c2400000, 0x00000000c6080000, 0x00000000eb700000)
  object space 61952K, 47% used [0x00000000c2400000,0x00000000c40b4fe8,0x00000000c6080000)
 Metaspace       used 49056K, capacity 49818K, committed 50300K, reserved 1093632K
  class space    used 5911K, capacity 6173K, committed 6268K, reserved 1048576K

